# JRE version: Java(TM) SE Runtime Environment (8.0_101-b13) (build 1.8.0_101-b13)
# Java VM: Java HotSpot(TM) 64-Bit Server VM (25.101-b13 mixed mode bsd-amd64 compressed oops)
Heap:
 PSYoungGen      total 50688K, used 5350K [0x0000000795580000, 0x000000079a780000, 0x00000007c0000000)
  eden space 50176K, 10% used [0x0000000795580000,0x0000000795a998d8,0x0000000798680000)
  from space 512K, 25% used [0x0000000798800000,0x0000000798820000,0x0000000798880000)
  to   space 16896K, 0% used [0x0000000799700000,0x0000000799700000,0x000000079a780000)
 ParOldGen       total 87552K, used 32126K [0x0000000740000000, 0x0000000745580000, 0x0000000795580000)
  object space 87552K, 36% used [0x0000000740000000,0x0000000741f5f950,0x0000000745580000)
 Metaspace       used 19698K, capacity 19877K, committed 19968K, reserved 1067008K
  class space    used 1916K, capacity 2013K, committed 2048K, reserved 1048576K
GC Heap History (10 events):
Event: 37.648 GC heap before
{Heap before GC invocations=13 (full 0):
 PSYoungGen      total 58368K, used 57952K [0x0000000795580000, 0x000000079c780000, 0x00000007c0000000)
  eden space 57856K, 100% used [0x0000000795580000,0x0000000798e00000,0x0000000798e00000)
  from space 512K, 18% used [0x000000079c700000,0x000000079c718000,0x000000079c780000)
  to   space 17920K, 0% used [0x000000079a480000,0x000000079a480000,0x000000079b600000)
 ParOldGen       total 87552K, used 32054K [0x0000000740000000, 0x0000000745580000, 0x0000000795580000)
  object space 87552K, 36% used [0x0000000740000000,0x0000000741f4d950,0x0000000745580000)
 Metaspace       used 19588K, capacity 19813K, committed 19968K, reserved 1067008K
  class space    used 1908K, capacity 2013K, committed 2048K, reserved 1048576K
Event: 37.650 GC heap after
Heap after GC invocations=13 (full 0):
 PSYoungGen      total 74240K, used 96K [0x0000000795580000, 0x000000079c780000, 0x00000007c0000000)
  eden space 56320K, 0% used [0x0000000795580000,0x0000000795580000,0x0000000798c80000)
  from space 17920K, 0% used [0x000000079a480000,0x000000079a498000,0x000000079b600000)
  to   space 17920K, 0% used [0x000000079b600000,0x000000079b600000,0x000000079c780000)
 ParOldGen       total 87552K, used 32078K [0x0000000740000000, 0x0000000745580000, 0x0000000795580000)
  object space 87552K, 36% used [0x0000000740000000,0x0000000741f53950,0x0000000745580000)
 Metaspace       used 19588K, capacity 19813K, committed 19968K, reserved 1067008K
  class space    used 1908K, capacity 2013K, committed 2048K, reserved 1048576K
}
Event: 40.989 GC heap before
{Heap before GC invocations=14 (full 0):
 PSYoungGen      total 74240K, used 56416K [0x0000000795580000, 0x000000079c780000, 0x00000007c0000000)
  eden space 56320K, 100% used [0x0000000795580000,0x0000000798c80000,0x0000000798c80000)
  from space 17920K, 0% used [0x000000079a480000,0x000000079a498000,0x000000079b600000)
  to   space 17920K, 0% used [0x000000079b600000,0x000000079b600000,0x000000079c780000)
 ParOldGen       total 87552K, used 32078K [0x0000000740000000, 0x0000000745580000, 0x0000000795580000)
  object space 87552K, 36% used [0x0000000740000000,0x0000000741f53950,0x0000000745580000)
 Metaspace       used 19649K, capacity 19877K, committed 19968K, reserved 1067008K
  class space    used 1908K, capacity 2013K, committed 2048K, reserved 1048576K
Event: 40.991 GC heap after
Heap after GC invocations=14 (full 0):
 PSYoungGen      total 55296K, used 128K [0x0000000795580000, 0x000000079b680000, 0x00000007c0000000)
  eden space 54784K, 0% used [0x0000000795580000,0x0000000795580000,0x0000000798b00000)
  from space 512K, 25% used [0x000000079b600000,0x000000079b620000,0x000000079b680000)
  to   space 17920K, 0% used [0x0000000799380000,0x0000000799380000,0x000000079a500000)
 ParOldGen       total 87552K, used 32086K [0x0000000740000000, 0x0000000745580000, 0x0000000795580000)
  object space 87552K, 36% used [0x0000000740000000,0x0000000741f55950,0x0000000745580000)
 Metaspace       used 19649K, capacity 19877K, committed 19968K, reserved 1067008K
  class space    used 1908K, capacity 2013K, committed 2048K, reserved 1048576K
}
Event: 44.250 GC heap before
{Heap before GC invocations=15 (full 0):
 PSYoungGen      total 55296K, used 54912K [0x0000000795580000, 0x000000079b680000, 0x00000007c0000000)
  eden space 54784K, 100% used [0x0000000795580000,0x0000000798b00000,0x0000000798b00000)
  from space 512K, 25% used [0x000000079b600000,0x000000079b620000,0x000000079b680000)
  to   space 17920K, 0% used [0x0000000799380000,0x0000000799380000,0x000000079a500000)
 ParOldGen       total 87552K, used 32086K [0x0000000740000000, 0x0000000745580000, 0x0000000795580000)
  object space 87552K, 36% used [0x0000000740000000,0x0000000741f55950,0x0000000745580000)
 Metaspace       used 19649K, capacity 19877K, committed 19968K, reserved 1067008K
  class space    used 1908K, capacity 2013K, committed 2048K, reserved 1048576K
Event: 44.254 GC heap after
Heap after GC invocations=15 (full 0):
 PSYoungGen      total 71168K, used 96K [0x0000000795580000, 0x000000079b680000, 0x00000007c0000000)
  eden space 53248K, 0% used [0x0000000795580000,0x0000000795580000,0x0000000798980000)
  from space 17920K, 0% used [0x0000000799380000,0x0000000799398000,0x000000079a500000)
  to   space 17408K, 0% used [0x000000079a580000,0x000000079a580000,0x000000079b680000)
 ParOldGen       total 87552K, used 32094K [0x0000000740000000, 0x0000000745580000, 0x0000000795580000)
  object space 87552K, 36% used [0x0000000740000000,0x0000000741f57950,0x0000000745580000)
 Metaspace       used 19649K, capacity 19877K, committed 19968K, reserved 1067008K
  class space    used 1908K, capacity 2013K, committed 2048K, reserved 1048576K
}
Event: 47.482 GC heap before
{Heap before GC invocations=16 (full 0):
 PSYoungGen      total 71168K, used 53344K [0x0000000795580000, 0x000000079b680000, 0x00000007c0000000)
  eden space 53248K, 100% used [0x0000000795580000,0x0000000798980000,0x0000000798980000)
  from space 17920K, 0% used [0x0000000799380000,0x0000000799398000,0x000000079a500000)
  to   space 17408K, 0% used [0x000000079a580000,0x000000079a580000,0x000000079b680000)
 ParOldGen       total 87552K, used 32094K [0x0000000740000000, 0x0000000745580000, 0x0000000795580000)
  object space 87552K, 36% used [0x0000000740000000,0x0000000741f57950,0x0000000745580000)
 Metaspace       used 19658K, capacity 19877K, committed 19968K, reserved 1067008K
  class space    used 1908K, capacity 2013K, committed 2048K, reserved 1048576K
Event: 47.486 GC heap after
Heap after GC invocations=16 (full 0):
 PSYoungGen      total 56320K, used 128K [0x0000000795580000, 0x000000079aa00000, 0x00000007c0000000)
  eden space 51712K, 0% used [0x0000000795580000,0x0000000795580000,0x0000000798800000)
  from space 4608K, 2% used [0x000000079a580000,0x000000079a5a0000,0x000000079aa00000)
  to   space 17408K, 0% used [0x0000000798800000,0x0000000798800000,0x0000000799900000)
 ParOldGen       total 87552K, used 32110K [0x0000000740000000, 0x0000000745580000, 0x0000000795580000)
  object space 87552K, 36% used [0x0000000740000000,0x0000000741f5b950,0x0000000745580000)
 Metaspace       used 19658K, capacity 19877K, committed 19968K, reserved 1067008K
  class space    used 1908K, capacity 2013K, committed 2048K, reserved 1048576K
}
Event: 50.589 GC heap before
{Heap before GC invocations=17 (full 0):
 PSYoungGen      total 56320K, used 51840K [0x0000000795580000, 0x000000079aa00000, 0x00000007c0000000)
  eden space 51712K, 100% used [0x0000000795580000,0x0000000798800000,0x0000000798800000)
  from space 4608K, 2% used [0x000000079a580000,0x000000079a5a0000,0x000000079aa00000)
  to   space 17408K, 0% used [0x0000000798800000,0x0000000798800000,0x0000000799900000)
 ParOldGen       total 87552K, used 32110K [0x0000000740000000, 0x0000000745580000, 0x0000000795580000)
  object space 87552K, 36% used [0x0000000740000000,0x0000000741f5b950,0x0000000745580000)
 Metaspace       used 19667K, capacity 19877K, committed 19968K, reserved 1067008K
  class space    used 1909K, capacity 2013K, committed 2048K, reserved 1048576K
Event: 50.591 GC heap after
Heap after GC invocations=17 (full 0):
 PSYoungGen      total 50688K, used 128K [0x0000000795580000, 0x000000079a780000, 0x00000007c0000000)
  eden space 50176K, 0% used [0x0000000795580000,0x0000000795580000,0x0000000798680000)
  from space 512K, 25% used [0x0000000798800000,0x0000000798820000,0x0000000798880000)
  to   space 16896K, 0% used [0x0000000799700000,0x0000000799700000,0x000000079a780000)
 ParOldGen       total 87552K, used 32126K [0x0000000740000000, 0x0000000745580000, 0x0000000795580000)
  object space 87552K, 36% used [0x0000000740000000,0x0000000741f5f950,0x0000000745580000)
 Metaspace       used 19667K, capacity 19877K, committed 19968K, reserved 1067008K
  class space    used 1909K, capacity 2013K, committed 2048K, reserved 1048576K
}

