# JRE version: Java(TM) SE Runtime Environment (8.0_101-b13) (build 1.8.0_101-b13)
# Java VM: Java HotSpot(TM) 64-Bit Server VM (25.101-b13 mixed mode bsd-amd64 compressed oops)
Heap:
 PSYoungGen      total 72704K, used 62381K [0x0000000795580000, 0x000000079c100000, 0x00000007c0000000)
  eden space 71680K, 86% used [0x0000000795580000,0x0000000799253668,0x0000000799b80000)
  from space 1024K, 9% used [0x000000079bf00000,0x000000079bf18000,0x000000079c000000)
  to   space 1024K, 0% used [0x000000079c000000,0x000000079c000000,0x000000079c100000)
 ParOldGen       total 87552K, used 55862K [0x0000000740000000, 0x0000000745580000, 0x0000000795580000)
  object space 87552K, 63% used [0x0000000740000000,0x000000074368d920,0x0000000745580000)
 Metaspace       used 19853K, capacity 20081K, committed 20224K, reserved 1067008K
  class space    used 1912K, capacity 2015K, committed 2048K, reserved 1048576K
GC Heap History (10 events):
Event: 163.503 GC heap before
{Heap before GC invocations=675 (full 0):
 PSYoungGen      total 84480K, used 84224K [0x0000000795580000, 0x000000079c200000, 0x00000007c0000000)
  eden space 83968K, 100% used [0x0000000795580000,0x000000079a780000,0x000000079a780000)
  from space 512K, 50% used [0x000000079c180000,0x000000079c1c0000,0x000000079c200000)
  to   space 1024K, 0% used [0x000000079c000000,0x000000079c000000,0x000000079c100000)
 ParOldGen       total 87552K, used 55830K [0x0000000740000000, 0x0000000745580000, 0x0000000795580000)
  object space 87552K, 63% used [0x0000000740000000,0x0000000743685920,0x0000000745580000)
 Metaspace       used 19817K, capacity 19953K, committed 20224K, reserved 1067008K
  class space    used 1904K, capacity 1951K, committed 2048K, reserved 1048576K
Event: 163.505 GC heap after
Heap after GC invocations=675 (full 0):
 PSYoungGen      total 82432K, used 96K [0x0000000795580000, 0x000000079c200000, 0x00000007c0000000)
  eden space 81408K, 0% used [0x0000000795580000,0x0000000795580000,0x000000079a500000)
  from space 1024K, 9% used [0x000000079c000000,0x000000079c018000,0x000000079c100000)
  to   space 1024K, 0% used [0x000000079c100000,0x000000079c100000,0x000000079c200000)
 ParOldGen       total 87552K, used 55830K [0x0000000740000000, 0x0000000745580000, 0x0000000795580000)
  object space 87552K, 63% used [0x0000000740000000,0x0000000743685920,0x0000000745580000)
 Metaspace       used 19817K, capacity 19953K, committed 20224K, reserved 1067008K
  class space    used 1904K, capacity 1951K, committed 2048K, reserved 1048576K
}
Event: 163.836 GC heap before
{Heap before GC invocations=676 (full 0):
 PSYoungGen      total 82432K, used 81504K [0x0000000795580000, 0x000000079c200000, 0x00000007c0000000)
  eden space 81408K, 100% used [0x0000000795580000,0x000000079a500000,0x000000079a500000)
  from space 1024K, 9% used [0x000000079c000000,0x000000079c018000,0x000000079c100000)
  to   space 1024K, 0% used [0x000000079c100000,0x000000079c100000,0x000000079c200000)
 ParOldGen       total 87552K, used 55830K [0x0000000740000000, 0x0000000745580000, 0x0000000795580000)
  object space 87552K, 63% used [0x0000000740000000,0x0000000743685920,0x0000000745580000)
 Metaspace       used 19817K, capacity 19953K, committed 20224K, reserved 1067008K
  class space    used 1904K, capacity 1951K, committed 2048K, reserved 1048576K
Event: 163.838 GC heap after
Heap after GC invocations=676 (full 0):
 PSYoungGen      total 79360K, used 96K [0x0000000795580000, 0x000000079c180000, 0x00000007c0000000)
  eden space 78848K, 0% used [0x0000000795580000,0x0000000795580000,0x000000079a280000)
  from space 512K, 18% used [0x000000079c100000,0x000000079c118000,0x000000079c180000)
  to   space 1024K, 0% used [0x000000079bf80000,0x000000079bf80000,0x000000079c080000)
 ParOldGen       total 87552K, used 55838K [0x0000000740000000, 0x0000000745580000, 0x0000000795580000)
  object space 87552K, 63% used [0x0000000740000000,0x0000000743687920,0x0000000745580000)
 Metaspace       used 19817K, capacity 19953K, committed 20224K, reserved 1067008K
  class space    used 1904K, capacity 1951K, committed 2048K, reserved 1048576K
}
Event: 164.208 GC heap before
{Heap before GC invocations=677 (full 0):
 PSYoungGen      total 79360K, used 78944K [0x0000000795580000, 0x000000079c180000, 0x00000007c0000000)
  eden space 78848K, 100% used [0x0000000795580000,0x000000079a280000,0x000000079a280000)
  from space 512K, 18% used [0x000000079c100000,0x000000079c118000,0x000000079c180000)
  to   space 1024K, 0% used [0x000000079bf80000,0x000000079bf80000,0x000000079c080000)
 ParOldGen       total 87552K, used 55838K [0x0000000740000000, 0x0000000745580000, 0x0000000795580000)
  object space 87552K, 63% used [0x0000000740000000,0x0000000743687920,0x0000000745580000)
 Metaspace       used 19817K, capacity 19953K, committed 20224K, reserved 1067008K
  class space    used 1904K, capacity 1951K, committed 2048K, reserved 1048576K
Event: 164.210 GC heap after
Heap after GC invocations=677 (full 0):
 PSYoungGen      total 77312K, used 544K [0x0000000795580000, 0x000000079c180000, 0x00000007c0000000)
  eden space 76288K, 0% used [0x0000000795580000,0x0000000795580000,0x000000079a000000)
  from space 1024K, 53% used [0x000000079bf80000,0x000000079c008000,0x000000079c080000)
  to   space 1024K, 0% used [0x000000079c080000,0x000000079c080000,0x000000079c180000)
 ParOldGen       total 87552K, used 55854K [0x0000000740000000, 0x0000000745580000, 0x0000000795580000)
  object space 87552K, 63% used [0x0000000740000000,0x000000074368b920,0x0000000745580000)
 Metaspace       used 19817K, capacity 19953K, committed 20224K, reserved 1067008K
  class space    used 1904K, capacity 1951K, committed 2048K, reserved 1048576K
}
Event: 164.516 GC heap before
{Heap before GC invocations=678 (full 0):
 PSYoungGen      total 77312K, used 76832K [0x0000000795580000, 0x000000079c180000, 0x00000007c0000000)
  eden space 76288K, 100% used [0x0000000795580000,0x000000079a000000,0x000000079a000000)
  from space 1024K, 53% used [0x000000079bf80000,0x000000079c008000,0x000000079c080000)
  to   space 1024K, 0% used [0x000000079c080000,0x000000079c080000,0x000000079c180000)
 ParOldGen       total 87552K, used 55854K [0x0000000740000000, 0x0000000745580000, 0x0000000795580000)
  object space 87552K, 63% used [0x0000000740000000,0x000000074368b920,0x0000000745580000)
 Metaspace       used 19817K, capacity 19953K, committed 20224K, reserved 1067008K
  class space    used 1904K, capacity 1951K, committed 2048K, reserved 1048576K
Event: 164.517 GC heap after
Heap after GC invocations=678 (full 0):
 PSYoungGen      total 74240K, used 128K [0x0000000795580000, 0x000000079c100000, 0x00000007c0000000)
  eden space 73728K, 0% used [0x0000000795580000,0x0000000795580000,0x0000000799d80000)
  from space 512K, 25% used [0x000000079c080000,0x000000079c0a0000,0x000000079c100000)
  to   space 1024K, 0% used [0x000000079bf00000,0x000000079bf00000,0x000000079c000000)
 ParOldGen       total 87552K, used 55862K [0x0000000740000000, 0x0000000745580000, 0x0000000795580000)
  object space 87552K, 63% used [0x0000000740000000,0x000000074368d920,0x0000000745580000)
 Metaspace       used 19817K, capacity 19953K, committed 20224K, reserved 1067008K
  class space    used 1904K, capacity 1951K, committed 2048K, reserved 1048576K
}
Event: 164.775 GC heap before
{Heap before GC invocations=679 (full 0):
 PSYoungGen      total 74240K, used 73856K [0x0000000795580000, 0x000000079c100000, 0x00000007c0000000)
  eden space 73728K, 100% used [0x0000000795580000,0x0000000799d80000,0x0000000799d80000)
  from space 512K, 25% used [0x000000079c080000,0x000000079c0a0000,0x000000079c100000)
  to   space 1024K, 0% used [0x000000079bf00000,0x000000079bf00000,0x000000079c000000)
 ParOldGen       total 87552K, used 55862K [0x0000000740000000, 0x0000000745580000, 0x0000000795580000)
  object space 87552K, 63% used [0x0000000740000000,0x000000074368d920,0x0000000745580000)
 Metaspace       used 19817K, capacity 19953K, committed 20224K, reserved 1067008K
  class space    used 1904K, capacity 1951K, committed 2048K, reserved 1048576K
Event: 164.777 GC heap after
Heap after GC invocations=679 (full 0):
 PSYoungGen      total 72704K, used 96K [0x0000000795580000, 0x000000079c100000, 0x00000007c0000000)
  eden space 71680K, 0% used [0x0000000795580000,0x0000000795580000,0x0000000799b80000)
  from space 1024K, 9% used [0x000000079bf00000,0x000000079bf18000,0x000000079c000000)
  to   space 1024K, 0% used [0x000000079c000000,0x000000079c000000,0x000000079c100000)
 ParOldGen       total 87552K, used 55862K [0x0000000740000000, 0x0000000745580000, 0x0000000795580000)
  object space 87552K, 63% used [0x0000000740000000,0x000000074368d920,0x0000000745580000)
 Metaspace       used 19817K, capacity 19953K, committed 20224K, reserved 1067008K
  class space    used 1904K, capacity 1951K, committed 2048K, reserved 1048576K
}

