# JRE version: Java(TM) SE Runtime Environment (8.0_101-b13) (build 1.8.0_101-b13)
# Java VM: Java HotSpot(TM) 64-Bit Server VM (25.101-b13 mixed mode bsd-amd64 compressed oops)
Heap:
 PSYoungGen      total 518656K, used 483345K [0x0000000795580000, 0x00000007bb400000, 0x00000007c0000000)
  eden space 499200K, 92% used [0x0000000795580000,0x00000007b1aa4268,0x00000007b3d00000)
  from space 19456K, 99% used [0x00000007b8380000,0x00000007b9660490,0x00000007b9680000)
  to   space 30208K, 0% used [0x00000007b9680000,0x00000007b9680000,0x00000007bb400000)
 ParOldGen       total 134656K, used 81345K [0x0000000740000000, 0x0000000748380000, 0x0000000795580000)
  object space 134656K, 60% used [0x0000000740000000,0x0000000744f70498,0x0000000748380000)
 Metaspace       used 20241K, capacity 20467K, committed 20736K, reserved 1069056K
  class space    used 1928K, capacity 2016K, committed 2048K, reserved 1048576K
GC Heap History (10 events):
Event: 47.417 GC heap before
{Heap before GC invocations=32 (full 1):
 PSYoungGen      total 664064K, used 651137K [0x0000000795580000, 0x00000007c0000000, 0x00000007c0000000)
  eden space 631296K, 100% used [0x0000000795580000,0x00000007bbe00000,0x00000007bbe00000)
  from space 32768K, 60% used [0x00000007be000000,0x00000007bf3604a0,0x00000007c0000000)
  to   space 33792K, 0% used [0x00000007bbe00000,0x00000007bbe00000,0x00000007bdf00000)
 ParOldGen       total 134656K, used 80545K [0x0000000740000000, 0x0000000748380000, 0x0000000795580000)
  object space 134656K, 59% used [0x0000000740000000,0x0000000744ea8488,0x0000000748380000)
 Metaspace       used 20194K, capacity 20435K, committed 20736K, reserved 1069056K
  class space    used 1920K, capacity 1984K, committed 2048K, reserved 1048576K
Event: 47.422 GC heap after
Heap after GC invocations=32 (full 1):
 PSYoungGen      total 621568K, used 19201K [0x0000000795580000, 0x00000007be380000, 0x00000007c0000000)
  eden space 602112K, 0% used [0x0000000795580000,0x0000000795580000,0x00000007ba180000)
  from space 19456K, 98% used [0x00000007bbe00000,0x00000007bd0c04a0,0x00000007bd100000)
  to   space 18944K, 0% used [0x00000007bd100000,0x00000007bd100000,0x00000007be380000)
 ParOldGen       total 134656K, used 80553K [0x0000000740000000, 0x0000000748380000, 0x0000000795580000)
  object space 134656K, 59% used [0x0000000740000000,0x0000000744eaa488,0x0000000748380000)
 Metaspace       used 20194K, capacity 20435K, committed 20736K, reserved 1069056K
  class space    used 1920K, capacity 1984K, committed 2048K, reserved 1048576K
}
Event: 49.322 GC heap before
{Heap before GC invocations=33 (full 1):
 PSYoungGen      total 621568K, used 621313K [0x0000000795580000, 0x00000007be380000, 0x00000007c0000000)
  eden space 602112K, 100% used [0x0000000795580000,0x00000007ba180000,0x00000007ba180000)
  from space 19456K, 98% used [0x00000007bbe00000,0x00000007bd0c04a0,0x00000007bd100000)
  to   space 18944K, 0% used [0x00000007bd100000,0x00000007bd100000,0x00000007be380000)
 ParOldGen       total 134656K, used 80553K [0x0000000740000000, 0x0000000748380000, 0x0000000795580000)
  object space 134656K, 59% used [0x0000000740000000,0x0000000744eaa488,0x0000000748380000)
 Metaspace       used 20194K, capacity 20435K, committed 20736K, reserved 1069056K
  class space    used 1920K, capacity 1984K, committed 2048K, reserved 1048576K
Event: 49.327 GC heap after
Heap after GC invocations=33 (full 1):
 PSYoungGen      total 593408K, used 18913K [0x0000000795580000, 0x00000007be380000, 0x00000007c0000000)
  eden space 574464K, 0% used [0x0000000795580000,0x0000000795580000,0x00000007b8680000)
  from space 18944K, 99% used [0x00000007bd100000,0x00000007be378490,0x00000007be380000)
  to   space 34304K, 0% used [0x00000007ba080000,0x00000007ba080000,0x00000007bc200000)
 ParOldGen       total 134656K, used 81321K [0x0000000740000000, 0x0000000748380000, 0x0000000795580000)
  object space 134656K, 60% used [0x0000000740000000,0x0000000744f6a498,0x0000000748380000)
 Metaspace       used 20194K, capacity 20435K, committed 20736K, reserved 1069056K
  class space    used 1920K, capacity 1984K, committed 2048K, reserved 1048576K
}
Event: 51.210 GC heap before
{Heap before GC invocations=34 (full 1):
 PSYoungGen      total 593408K, used 593377K [0x0000000795580000, 0x00000007be380000, 0x00000007c0000000)
  eden space 574464K, 100% used [0x0000000795580000,0x00000007b8680000,0x00000007b8680000)
  from space 18944K, 99% used [0x00000007bd100000,0x00000007be378490,0x00000007be380000)
  to   space 34304K, 0% used [0x00000007ba080000,0x00000007ba080000,0x00000007bc200000)
 ParOldGen       total 134656K, used 81321K [0x0000000740000000, 0x0000000748380000, 0x0000000795580000)
  object space 134656K, 60% used [0x0000000740000000,0x0000000744f6a498,0x0000000748380000)
 Metaspace       used 20194K, capacity 20435K, committed 20736K, reserved 1069056K
  class space    used 1920K, capacity 1984K, committed 2048K, reserved 1048576K
Event: 51.219 GC heap after
Heap after GC invocations=34 (full 1):
 PSYoungGen      total 567296K, used 19393K [0x0000000795580000, 0x00000007bd180000, 0x00000007c0000000)
  eden space 547840K, 0% used [0x0000000795580000,0x0000000795580000,0x00000007b6c80000)
  from space 19456K, 99% used [0x00000007ba080000,0x00000007bb370490,0x00000007bb380000)
  to   space 30720K, 0% used [0x00000007bb380000,0x00000007bb380000,0x00000007bd180000)
 ParOldGen       total 134656K, used 81345K [0x0000000740000000, 0x0000000748380000, 0x0000000795580000)
  object space 134656K, 60% used [0x0000000740000000,0x0000000744f70498,0x0000000748380000)
 Metaspace       used 20194K, capacity 20435K, committed 20736K, reserved 1069056K
  class space    used 1920K, capacity 1984K, committed 2048K, reserved 1048576K
}
Event: 53.004 GC heap before
{Heap before GC invocations=35 (full 1):
 PSYoungGen      total 567296K, used 567233K [0x0000000795580000, 0x00000007bd180000, 0x00000007c0000000)
  eden space 547840K, 100% used [0x0000000795580000,0x00000007b6c80000,0x00000007b6c80000)
  from space 19456K, 99% used [0x00000007ba080000,0x00000007bb370490,0x00000007bb380000)
  to   space 30720K, 0% used [0x00000007bb380000,0x00000007bb380000,0x00000007bd180000)
 ParOldGen       total 134656K, used 81345K [0x0000000740000000, 0x0000000748380000, 0x0000000795580000)
  object space 134656K, 60% used [0x0000000740000000,0x0000000744f70498,0x0000000748380000)
 Metaspace       used 20194K, capacity 20435K, committed 20736K, reserved 1069056K
  class space    used 1920K, capacity 1984K, committed 2048K, reserved 1048576K
Event: 53.010 GC heap after
Heap after GC invocations=35 (full 1):
 PSYoungGen      total 542208K, used 19361K [0x0000000795580000, 0x00000007bc680000, 0x00000007c0000000)
  eden space 522752K, 0% used [0x0000000795580000,0x0000000795580000,0x00000007b5400000)
  from space 19456K, 99% used [0x00000007bb380000,0x00000007bc668490,0x00000007bc680000)
  to   space 34304K, 0% used [0x00000007b8380000,0x00000007b8380000,0x00000007ba500000)
 ParOldGen       total 134656K, used 81345K [0x0000000740000000, 0x0000000748380000, 0x0000000795580000)
  object space 134656K, 60% used [0x0000000740000000,0x0000000744f70498,0x0000000748380000)
 Metaspace       used 20194K, capacity 20435K, committed 20736K, reserved 1069056K
  class space    used 1920K, capacity 1984K, committed 2048K, reserved 1048576K
}
Event: 54.738 GC heap before
{Heap before GC invocations=36 (full 1):
 PSYoungGen      total 542208K, used 542113K [0x0000000795580000, 0x00000007bc680000, 0x00000007c0000000)
  eden space 522752K, 100% used [0x0000000795580000,0x00000007b5400000,0x00000007b5400000)
  from space 19456K, 99% used [0x00000007bb380000,0x00000007bc668490,0x00000007bc680000)
  to   space 34304K, 0% used [0x00000007b8380000,0x00000007b8380000,0x00000007ba500000)
 ParOldGen       total 134656K, used 81345K [0x0000000740000000, 0x0000000748380000, 0x0000000795580000)
  object space 134656K, 60% used [0x0000000740000000,0x0000000744f70498,0x0000000748380000)
 Metaspace       used 20194K, capacity 20435K, committed 20736K, reserved 1069056K
  class space    used 1920K, capacity 1984K, committed 2048K, reserved 1048576K
Event: 54.745 GC heap after
Heap after GC invocations=36 (full 1):
 PSYoungGen      total 518656K, used 19329K [0x0000000795580000, 0x00000007bb400000, 0x00000007c0000000)
  eden space 499200K, 0% used [0x0000000795580000,0x0000000795580000,0x00000007b3d00000)
  from space 19456K, 99% used [0x00000007b8380000,0x00000007b9660490,0x00000007b9680000)
  to   space 30208K, 0% used [0x00000007b9680000,0x00000007b9680000,0x00000007bb400000)
 ParOldGen       total 134656K, used 81345K [0x0000000740000000, 0x0000000748380000, 0x0000000795580000)
  object space 134656K, 60% used [0x0000000740000000,0x0000000744f70498,0x0000000748380000)
 Metaspace       used 20194K, capacity 20435K, committed 20736K, reserved 1069056K
  class space    used 1920K, capacity 1984K, committed 2048K, reserved 1048576K
}

