# JRE version: Java(TM) SE Runtime Environment (8.0_101-b13) (build 1.8.0_101-b13)
# Java VM: Java HotSpot(TM) 64-Bit Server VM (25.101-b13 mixed mode bsd-amd64 compressed oops)
Heap:
 PSYoungGen      total 114688K, used 76086K [0x0000000795580000, 0x00000007a5e80000, 0x00000007c0000000)
  eden space 114176K, 66% used [0x0000000795580000,0x0000000799fad850,0x000000079c500000)
  from space 512K, 25% used [0x00000007a3d80000,0x00000007a3da0000,0x00000007a3e00000)
  to   space 17408K, 0% used [0x00000007a4d80000,0x00000007a4d80000,0x00000007a5e80000)
 ParOldGen       total 87552K, used 31874K [0x0000000740000000, 0x0000000745580000, 0x0000000795580000)
  object space 87552K, 36% used [0x0000000740000000,0x0000000741f20bc0,0x0000000745580000)
 Metaspace       used 19927K, capacity 20099K, committed 20224K, reserved 1067008K
  class space    used 1917K, capacity 1982K, committed 2048K, reserved 1048576K
GC Heap History (10 events):
Event: 12.876 GC heap before
{Heap before GC invocations=7 (full 0):
 PSYoungGen      total 148480K, used 138323K [0x0000000795580000, 0x000000079f580000, 0x00000007c0000000)
  eden space 133120K, 100% used [0x0000000795580000,0x000000079d780000,0x000000079d780000)
  from space 15360K, 33% used [0x000000079e680000,0x000000079eb94c50,0x000000079f580000)
  to   space 15360K, 0% used [0x000000079d780000,0x000000079d780000,0x000000079e680000)
 ParOldGen       total 87552K, used 17888K [0x0000000740000000, 0x0000000745580000, 0x0000000795580000)
  object space 87552K, 20% used [0x0000000740000000,0x0000000741178370,0x0000000745580000)
 Metaspace       used 19521K, capacity 19715K, committed 19968K, reserved 1067008K
  class space    used 1909K, capacity 1982K, committed 2048K, reserved 1048576K
Event: 12.897 GC heap after
Heap after GC invocations=7 (full 0):
 PSYoungGen      total 148480K, used 12445K [0x0000000795580000, 0x00000007a7980000, 0x00000007c0000000)
  eden space 133120K, 0% used [0x0000000795580000,0x0000000795580000,0x000000079d780000)
  from space 15360K, 81% used [0x000000079d780000,0x000000079e3a7708,0x000000079e680000)
  to   space 16384K, 0% used [0x00000007a6980000,0x00000007a6980000,0x00000007a7980000)
 ParOldGen       total 87552K, used 19744K [0x0000000740000000, 0x0000000745580000, 0x0000000795580000)
  object space 87552K, 22% used [0x0000000740000000,0x0000000741348078,0x0000000745580000)
 Metaspace       used 19521K, capacity 19715K, committed 19968K, reserved 1067008K
  class space    used 1909K, capacity 1982K, committed 2048K, reserved 1048576K
}
Event: 19.687 GC heap before
{Heap before GC invocations=8 (full 0):
 PSYoungGen      total 148480K, used 145565K [0x0000000795580000, 0x00000007a7980000, 0x00000007c0000000)
  eden space 133120K, 100% used [0x0000000795580000,0x000000079d780000,0x000000079d780000)
  from space 15360K, 81% used [0x000000079d780000,0x000000079e3a7708,0x000000079e680000)
  to   space 16384K, 0% used [0x00000007a6980000,0x00000007a6980000,0x00000007a7980000)
 ParOldGen       total 87552K, used 19744K [0x0000000740000000, 0x0000000745580000, 0x0000000795580000)
  object space 87552K, 22% used [0x0000000740000000,0x0000000741348078,0x0000000745580000)
 Metaspace       used 19635K, capacity 19843K, committed 19968K, reserved 1067008K
  class space    used 1909K, capacity 1982K, committed 2048K, reserved 1048576K
Event: 19.700 GC heap after
Heap after GC invocations=8 (full 0):
 PSYoungGen      total 140288K, used 12109K [0x0000000795580000, 0x00000007a7580000, 0x00000007c0000000)
  eden space 128000K, 0% used [0x0000000795580000,0x0000000795580000,0x000000079d280000)
  from space 12288K, 98% used [0x00000007a6980000,0x00000007a75536d8,0x00000007a7580000)
  to   space 16896K, 0% used [0x00000007a5480000,0x00000007a5480000,0x00000007a6500000)
 ParOldGen       total 87552K, used 19808K [0x0000000740000000, 0x0000000745580000, 0x0000000795580000)
  object space 87552K, 22% used [0x0000000740000000,0x0000000741358078,0x0000000745580000)
 Metaspace       used 19635K, capacity 19843K, committed 19968K, reserved 1067008K
  class space    used 1909K, capacity 1982K, committed 2048K, reserved 1048576K
}
Event: 27.292 GC heap before
{Heap before GC invocations=9 (full 0):
 PSYoungGen      total 140288K, used 140109K [0x0000000795580000, 0x00000007a7580000, 0x00000007c0000000)
  eden space 128000K, 100% used [0x0000000795580000,0x000000079d280000,0x000000079d280000)
  from space 12288K, 98% used [0x00000007a6980000,0x00000007a75536d8,0x00000007a7580000)
  to   space 16896K, 0% used [0x00000007a5480000,0x00000007a5480000,0x00000007a6500000)
 ParOldGen       total 87552K, used 19808K [0x0000000740000000, 0x0000000745580000, 0x0000000795580000)
  object space 87552K, 22% used [0x0000000740000000,0x0000000741358078,0x0000000745580000)
 Metaspace       used 19759K, capacity 19907K, committed 20224K, reserved 1067008K
  class space    used 1909K, capacity 1982K, committed 2048K, reserved 1048576K
Event: 27.301 GC heap after
Heap after GC invocations=9 (full 0):
 PSYoungGen      total 133120K, used 9408K [0x0000000795580000, 0x00000007a6a00000, 0x00000007c0000000)
  eden space 123392K, 0% used [0x0000000795580000,0x0000000795580000,0x000000079ce00000)
  from space 9728K, 96% used [0x00000007a5480000,0x00000007a5db0230,0x00000007a5e00000)
  to   space 12288K, 0% used [0x00000007a5e00000,0x00000007a5e00000,0x00000007a6a00000)
 ParOldGen       total 87552K, used 22533K [0x0000000740000000, 0x0000000745580000, 0x0000000795580000)
  object space 87552K, 25% used [0x0000000740000000,0x0000000741601520,0x0000000745580000)
 Metaspace       used 19759K, capacity 19907K, committed 20224K, reserved 1067008K
  class space    used 1909K, capacity 1982K, committed 2048K, reserved 1048576K
}
Event: 34.691 GC heap before
{Heap before GC invocations=10 (full 0):
 PSYoungGen      total 133120K, used 132800K [0x0000000795580000, 0x00000007a6a00000, 0x00000007c0000000)
  eden space 123392K, 100% used [0x0000000795580000,0x000000079ce00000,0x000000079ce00000)
  from space 9728K, 96% used [0x00000007a5480000,0x00000007a5db0230,0x00000007a5e00000)
  to   space 12288K, 0% used [0x00000007a5e00000,0x00000007a5e00000,0x00000007a6a00000)
 ParOldGen       total 87552K, used 22533K [0x0000000740000000, 0x0000000745580000, 0x0000000795580000)
  object space 87552K, 25% used [0x0000000740000000,0x0000000741601520,0x0000000745580000)
 Metaspace       used 19821K, capacity 20035K, committed 20224K, reserved 1067008K
  class space    used 1909K, capacity 1982K, committed 2048K, reserved 1048576K
Event: 34.698 GC heap after
Heap after GC invocations=10 (full 0):
 PSYoungGen      total 119296K, used 160K [0x0000000795580000, 0x00000007a5e80000, 0x00000007c0000000)
  eden space 118784K, 0% used [0x0000000795580000,0x0000000795580000,0x000000079c980000)
  from space 512K, 31% used [0x00000007a5e00000,0x00000007a5e28000,0x00000007a5e80000)
  to   space 16896K, 0% used [0x00000007a3d80000,0x00000007a3d80000,0x00000007a4e00000)
 ParOldGen       total 87552K, used 31834K [0x0000000740000000, 0x0000000745580000, 0x0000000795580000)
  object space 87552K, 36% used [0x0000000740000000,0x0000000741f16bc0,0x0000000745580000)
 Metaspace       used 19821K, capacity 20035K, committed 20224K, reserved 1067008K
  class space    used 1909K, capacity 1982K, committed 2048K, reserved 1048576K
}
Event: 41.890 GC heap before
{Heap before GC invocations=11 (full 0):
 PSYoungGen      total 119296K, used 118944K [0x0000000795580000, 0x00000007a5e80000, 0x00000007c0000000)
  eden space 118784K, 100% used [0x0000000795580000,0x000000079c980000,0x000000079c980000)
  from space 512K, 31% used [0x00000007a5e00000,0x00000007a5e28000,0x00000007a5e80000)
  to   space 16896K, 0% used [0x00000007a3d80000,0x00000007a3d80000,0x00000007a4e00000)
 ParOldGen       total 87552K, used 31834K [0x0000000740000000, 0x0000000745580000, 0x0000000795580000)
  object space 87552K, 36% used [0x0000000740000000,0x0000000741f16bc0,0x0000000745580000)
 Metaspace       used 19890K, capacity 20099K, committed 20224K, reserved 1067008K
  class space    used 1909K, capacity 1982K, committed 2048K, reserved 1048576K
Event: 41.891 GC heap after
Heap after GC invocations=11 (full 0):
 PSYoungGen      total 114688K, used 128K [0x0000000795580000, 0x00000007a5e80000, 0x00000007c0000000)
  eden space 114176K, 0% used [0x0000000795580000,0x0000000795580000,0x000000079c500000)
  from space 512K, 25% used [0x00000007a3d80000,0x00000007a3da0000,0x00000007a3e00000)
  to   space 17408K, 0% used [0x00000007a4d80000,0x00000007a4d80000,0x00000007a5e80000)
 ParOldGen       total 87552K, used 31874K [0x0000000740000000, 0x0000000745580000, 0x0000000795580000)
  object space 87552K, 36% used [0x0000000740000000,0x0000000741f20bc0,0x0000000745580000)
 Metaspace       used 19890K, capacity 20099K, committed 20224K, reserved 1067008K
  class space    used 1909K, capacity 1982K, committed 2048K, reserved 1048576K
}

