# JRE version: Java(TM) SE Runtime Environment (8.0_101-b13) (build 1.8.0_101-b13)
# Java VM: Java HotSpot(TM) 64-Bit Server VM (25.101-b13 mixed mode bsd-amd64 compressed oops)
Heap:
 PSYoungGen      total 148480K, used 86251K [0x0000000795580000, 0x000000079f880000, 0x00000007c0000000)
  eden space 133120K, 57% used [0x0000000795580000,0x000000079a05dfa8,0x000000079d780000)
  from space 15360K, 62% used [0x000000079e980000,0x000000079f2dcd90,0x000000079f880000)
  to   space 16896K, 0% used [0x000000079d780000,0x000000079d780000,0x000000079e800000)
 ParOldGen       total 87552K, used 23052K [0x0000000740000000, 0x0000000745580000, 0x0000000795580000)
  object space 87552K, 26% used [0x0000000740000000,0x0000000741683010,0x0000000745580000)
 Metaspace       used 19556K, capacity 19787K, committed 19968K, reserved 1067008K
  class space    used 1915K, capacity 1982K, committed 2048K, reserved 1048576K
GC Heap History (10 events):
Event: 4.441 GC heap before
{Heap before GC invocations=2 (full 0):
 PSYoungGen      total 38400K, used 38232K [0x0000000795580000, 0x0000000798000000, 0x00000007c0000000)
  eden space 33280K, 100% used [0x0000000795580000,0x0000000797600000,0x0000000797600000)
  from space 5120K, 96% used [0x0000000797600000,0x0000000797ad61f8,0x0000000797b00000)
  to   space 5120K, 0% used [0x0000000797b00000,0x0000000797b00000,0x0000000798000000)
 ParOldGen       total 87552K, used 16K [0x0000000740000000, 0x0000000745580000, 0x0000000795580000)
  object space 87552K, 0% used [0x0000000740000000,0x0000000740004000,0x0000000745580000)
 Metaspace       used 17492K, capacity 17691K, committed 18048K, reserved 1064960K
  class space    used 1761K, capacity 1820K, committed 1920K, reserved 1048576K
Event: 4.459 GC heap after
Heap after GC invocations=2 (full 0):
 PSYoungGen      total 38400K, used 5094K [0x0000000795580000, 0x0000000798000000, 0x00000007c0000000)
  eden space 33280K, 0% used [0x0000000795580000,0x0000000795580000,0x0000000797600000)
  from space 5120K, 99% used [0x0000000797b00000,0x0000000797ff9b88,0x0000000798000000)
  to   space 5120K, 0% used [0x0000000797600000,0x0000000797600000,0x0000000797b00000)
 ParOldGen       total 87552K, used 6302K [0x0000000740000000, 0x0000000745580000, 0x0000000795580000)
  object space 87552K, 7% used [0x0000000740000000,0x0000000740627830,0x0000000745580000)
 Metaspace       used 17492K, capacity 17691K, committed 18048K, reserved 1064960K
  class space    used 1761K, capacity 1820K, committed 1920K, reserved 1048576K
}
Event: 4.756 GC heap before
{Heap before GC invocations=3 (full 0):
 PSYoungGen      total 38400K, used 38374K [0x0000000795580000, 0x0000000798000000, 0x00000007c0000000)
  eden space 33280K, 100% used [0x0000000795580000,0x0000000797600000,0x0000000797600000)
  from space 5120K, 99% used [0x0000000797b00000,0x0000000797ff9b88,0x0000000798000000)
  to   space 5120K, 0% used [0x0000000797600000,0x0000000797600000,0x0000000797b00000)
 ParOldGen       total 87552K, used 6302K [0x0000000740000000, 0x0000000745580000, 0x0000000795580000)
  object space 87552K, 7% used [0x0000000740000000,0x0000000740627830,0x0000000745580000)
 Metaspace       used 17494K, capacity 17691K, committed 18048K, reserved 1064960K
  class space    used 1761K, capacity 1820K, committed 1920K, reserved 1048576K
Event: 4.763 GC heap after
Heap after GC invocations=3 (full 0):
 PSYoungGen      total 38400K, used 5110K [0x0000000795580000, 0x000000079a080000, 0x00000007c0000000)
  eden space 33280K, 0% used [0x0000000795580000,0x0000000795580000,0x0000000797600000)
  from space 5120K, 99% used [0x0000000797600000,0x0000000797afdb78,0x0000000797b00000)
  to   space 5120K, 0% used [0x0000000799b80000,0x0000000799b80000,0x000000079a080000)
 ParOldGen       total 87552K, used 7294K [0x0000000740000000, 0x0000000745580000, 0x0000000795580000)
  object space 87552K, 8% used [0x0000000740000000,0x000000074071f830,0x0000000745580000)
 Metaspace       used 17494K, capacity 17691K, committed 18048K, reserved 1064960K
  class space    used 1761K, capacity 1820K, committed 1920K, reserved 1048576K
}
Event: 4.994 GC heap before
{Heap before GC invocations=4 (full 0):
 PSYoungGen      total 38400K, used 38390K [0x0000000795580000, 0x000000079a080000, 0x00000007c0000000)
  eden space 33280K, 100% used [0x0000000795580000,0x0000000797600000,0x0000000797600000)
  from space 5120K, 99% used [0x0000000797600000,0x0000000797afdb78,0x0000000797b00000)
  to   space 5120K, 0% used [0x0000000799b80000,0x0000000799b80000,0x000000079a080000)
 ParOldGen       total 87552K, used 7294K [0x0000000740000000, 0x0000000745580000, 0x0000000795580000)
  object space 87552K, 8% used [0x0000000740000000,0x000000074071f830,0x0000000745580000)
 Metaspace       used 17494K, capacity 17691K, committed 18048K, reserved 1064960K
  class space    used 1761K, capacity 1820K, committed 1920K, reserved 1048576K
Event: 5.004 GC heap after
Heap after GC invocations=4 (full 0):
 PSYoungGen      total 71680K, used 5103K [0x0000000795580000, 0x000000079a080000, 0x00000007c0000000)
  eden space 66560K, 0% used [0x0000000795580000,0x0000000795580000,0x0000000799680000)
  from space 5120K, 99% used [0x0000000799b80000,0x000000079a07bd60,0x000000079a080000)
  to   space 5120K, 0% used [0x0000000799680000,0x0000000799680000,0x0000000799b80000)
 ParOldGen       total 87552K, used 9222K [0x0000000740000000, 0x0000000745580000, 0x0000000795580000)
  object space 87552K, 10% used [0x0000000740000000,0x0000000740901830,0x0000000745580000)
 Metaspace       used 17494K, capacity 17691K, committed 18048K, reserved 1064960K
  class space    used 1761K, capacity 1820K, committed 1920K, reserved 1048576K
}
Event: 5.956 GC heap before
{Heap before GC invocations=5 (full 0):
 PSYoungGen      total 71680K, used 71526K [0x0000000795580000, 0x000000079a080000, 0x00000007c0000000)
  eden space 66560K, 99% used [0x0000000795580000,0x000000079965dca8,0x0000000799680000)
  from space 5120K, 99% used [0x0000000799b80000,0x000000079a07bd60,0x000000079a080000)
  to   space 5120K, 0% used [0x0000000799680000,0x0000000799680000,0x0000000799b80000)
 ParOldGen       total 87552K, used 9222K [0x0000000740000000, 0x0000000745580000, 0x0000000795580000)
  object space 87552K, 10% used [0x0000000740000000,0x0000000740901830,0x0000000745580000)
 Metaspace       used 18531K, capacity 18747K, committed 18816K, reserved 1067008K
  class space    used 1850K, capacity 1916K, committed 1920K, reserved 1048576K
Event: 5.973 GC heap after
Heap after GC invocations=5 (full 0):
 PSYoungGen      total 71680K, used 5107K [0x0000000795580000, 0x000000079fb80000, 0x00000007c0000000)
  eden space 66560K, 0% used [0x0000000795580000,0x0000000795580000,0x0000000799680000)
  from space 5120K, 99% used [0x0000000799680000,0x0000000799b7cca0,0x0000000799b80000)
  to   space 18432K, 0% used [0x000000079e980000,0x000000079e980000,0x000000079fb80000)
 ParOldGen       total 87552K, used 23044K [0x0000000740000000, 0x0000000745580000, 0x0000000795580000)
  object space 87552K, 26% used [0x0000000740000000,0x0000000741681010,0x0000000745580000)
 Metaspace       used 18531K, capacity 18747K, committed 18816K, reserved 1067008K
  class space    used 1850K, capacity 1916K, committed 1920K, reserved 1048576K
}
Event: 9.985 GC heap before
{Heap before GC invocations=6 (full 0):
 PSYoungGen      total 71680K, used 71667K [0x0000000795580000, 0x000000079fb80000, 0x00000007c0000000)
  eden space 66560K, 100% used [0x0000000795580000,0x0000000799680000,0x0000000799680000)
  from space 5120K, 99% used [0x0000000799680000,0x0000000799b7cca0,0x0000000799b80000)
  to   space 18432K, 0% used [0x000000079e980000,0x000000079e980000,0x000000079fb80000)
 ParOldGen       total 87552K, used 23044K [0x0000000740000000, 0x0000000745580000, 0x0000000795580000)
  object space 87552K, 26% used [0x0000000740000000,0x0000000741681010,0x0000000745580000)
 Metaspace       used 18763K, capacity 18945K, committed 19072K, reserved 1067008K
  class space    used 1851K, capacity 1917K, committed 1920K, reserved 1048576K
Event: 9.999 GC heap after
Heap after GC invocations=6 (full 0):
 PSYoungGen      total 148480K, used 9587K [0x0000000795580000, 0x000000079f880000, 0x00000007c0000000)
  eden space 133120K, 0% used [0x0000000795580000,0x0000000795580000,0x000000079d780000)
  from space 15360K, 62% used [0x000000079e980000,0x000000079f2dcd90,0x000000079f880000)
  to   space 16896K, 0% used [0x000000079d780000,0x000000079d780000,0x000000079e800000)
 ParOldGen       total 87552K, used 23052K [0x0000000740000000, 0x0000000745580000, 0x0000000795580000)
  object space 87552K, 26% used [0x0000000740000000,0x0000000741683010,0x0000000745580000)
 Metaspace       used 18763K, capacity 18945K, committed 19072K, reserved 1067008K
  class space    used 1851K, capacity 1917K, committed 1920K, reserved 1048576K
}

