# JRE version: Java(TM) SE Runtime Environment (8.0_101-b13) (build 1.8.0_101-b13)
# Java VM: Java HotSpot(TM) 64-Bit Server VM (25.101-b13 mixed mode bsd-amd64 compressed oops)
Heap:
 PSYoungGen      total 24064K, used 13482K [0x0000000795580000, 0x0000000796e00000, 0x00000007c0000000)
  eden space 23040K, 57% used [0x0000000795580000,0x000000079628aa20,0x0000000796c00000)
  from space 1024K, 12% used [0x0000000796d00000,0x0000000796d20000,0x0000000796e00000)
  to   space 1024K, 0% used [0x0000000796c00000,0x0000000796c00000,0x0000000796d00000)
 ParOldGen       total 87552K, used 75506K [0x0000000740000000, 0x0000000745580000, 0x0000000795580000)
  object space 87552K, 86% used [0x0000000740000000,0x00000007449bcb18,0x0000000745580000)
 Metaspace       used 20329K, capacity 20529K, committed 20736K, reserved 1069056K
  class space    used 1941K, capacity 2015K, committed 2048K, reserved 1048576K
GC Heap History (10 events):
Event: 3903.335 GC heap before
{Heap before GC invocations=1822 (full 0):
 PSYoungGen      total 24064K, used 23136K [0x0000000795580000, 0x0000000796e00000, 0x00000007c0000000)
  eden space 23040K, 100% used [0x0000000795580000,0x0000000796c00000,0x0000000796c00000)
  from space 1024K, 9% used [0x0000000796c00000,0x0000000796c18000,0x0000000796d00000)
  to   space 1024K, 0% used [0x0000000796d00000,0x0000000796d00000,0x0000000796e00000)
 ParOldGen       total 87552K, used 75466K [0x0000000740000000, 0x0000000745580000, 0x0000000795580000)
  object space 87552K, 86% used [0x0000000740000000,0x00000007449b2b18,0x0000000745580000)
 Metaspace       used 20300K, capacity 20529K, committed 20736K, reserved 1069056K
  class space    used 1935K, capacity 2015K, committed 2048K, reserved 1048576K
Event: 3903.337 GC heap after
Heap after GC invocations=1822 (full 0):
 PSYoungGen      total 24064K, used 96K [0x0000000795580000, 0x0000000796e00000, 0x00000007c0000000)
  eden space 23040K, 0% used [0x0000000795580000,0x0000000795580000,0x0000000796c00000)
  from space 1024K, 9% used [0x0000000796d00000,0x0000000796d18000,0x0000000796e00000)
  to   space 1024K, 0% used [0x0000000796c00000,0x0000000796c00000,0x0000000796d00000)
 ParOldGen       total 87552K, used 75466K [0x0000000740000000, 0x0000000745580000, 0x0000000795580000)
  object space 87552K, 86% used [0x0000000740000000,0x00000007449b2b18,0x0000000745580000)
 Metaspace       used 20300K, capacity 20529K, committed 20736K, reserved 1069056K
  class space    used 1935K, capacity 2015K, committed 2048K, reserved 1048576K
}
Event: 3906.206 GC heap before
{Heap before GC invocations=1823 (full 0):
 PSYoungGen      total 24064K, used 23136K [0x0000000795580000, 0x0000000796e00000, 0x00000007c0000000)
  eden space 23040K, 100% used [0x0000000795580000,0x0000000796c00000,0x0000000796c00000)
  from space 1024K, 9% used [0x0000000796d00000,0x0000000796d18000,0x0000000796e00000)
  to   space 1024K, 0% used [0x0000000796c00000,0x0000000796c00000,0x0000000796d00000)
 ParOldGen       total 87552K, used 75466K [0x0000000740000000, 0x0000000745580000, 0x0000000795580000)
  object space 87552K, 86% used [0x0000000740000000,0x00000007449b2b18,0x0000000745580000)
 Metaspace       used 20300K, capacity 20529K, committed 20736K, reserved 1069056K
  class space    used 1935K, capacity 2015K, committed 2048K, reserved 1048576K
Event: 3906.210 GC heap after
Heap after GC invocations=1823 (full 0):
 PSYoungGen      total 24064K, used 32K [0x0000000795580000, 0x0000000796e00000, 0x00000007c0000000)
  eden space 23040K, 0% used [0x0000000795580000,0x0000000795580000,0x0000000796c00000)
  from space 1024K, 3% used [0x0000000796c00000,0x0000000796c08000,0x0000000796d00000)
  to   space 1024K, 0% used [0x0000000796d00000,0x0000000796d00000,0x0000000796e00000)
 ParOldGen       total 87552K, used 75466K [0x0000000740000000, 0x0000000745580000, 0x0000000795580000)
  object space 87552K, 86% used [0x0000000740000000,0x00000007449b2b18,0x0000000745580000)
 Metaspace       used 20300K, capacity 20529K, committed 20736K, reserved 1069056K
  class space    used 1935K, capacity 2015K, committed 2048K, reserved 1048576K
}
Event: 3909.041 GC heap before
{Heap before GC invocations=1824 (full 0):
 PSYoungGen      total 24064K, used 23072K [0x0000000795580000, 0x0000000796e00000, 0x00000007c0000000)
  eden space 23040K, 100% used [0x0000000795580000,0x0000000796c00000,0x0000000796c00000)
  from space 1024K, 3% used [0x0000000796c00000,0x0000000796c08000,0x0000000796d00000)
  to   space 1024K, 0% used [0x0000000796d00000,0x0000000796d00000,0x0000000796e00000)
 ParOldGen       total 87552K, used 75466K [0x0000000740000000, 0x0000000745580000, 0x0000000795580000)
  object space 87552K, 86% used [0x0000000740000000,0x00000007449b2b18,0x0000000745580000)
 Metaspace       used 20300K, capacity 20529K, committed 20736K, reserved 1069056K
  class space    used 1935K, capacity 2015K, committed 2048K, reserved 1048576K
Event: 3909.044 GC heap after
Heap after GC invocations=1824 (full 0):
 PSYoungGen      total 24064K, used 128K [0x0000000795580000, 0x0000000796e00000, 0x00000007c0000000)
  eden space 23040K, 0% used [0x0000000795580000,0x0000000795580000,0x0000000796c00000)
  from space 1024K, 12% used [0x0000000796d00000,0x0000000796d20000,0x0000000796e00000)
  to   space 1024K, 0% used [0x0000000796c00000,0x0000000796c00000,0x0000000796d00000)
 ParOldGen       total 87552K, used 75474K [0x0000000740000000, 0x0000000745580000, 0x0000000795580000)
  object space 87552K, 86% used [0x0000000740000000,0x00000007449b4b18,0x0000000745580000)
 Metaspace       used 20300K, capacity 20529K, committed 20736K, reserved 1069056K
  class space    used 1935K, capacity 2015K, committed 2048K, reserved 1048576K
}
Event: 3911.050 GC heap before
{Heap before GC invocations=1825 (full 0):
 PSYoungGen      total 24064K, used 23168K [0x0000000795580000, 0x0000000796e00000, 0x00000007c0000000)
  eden space 23040K, 100% used [0x0000000795580000,0x0000000796c00000,0x0000000796c00000)
  from space 1024K, 12% used [0x0000000796d00000,0x0000000796d20000,0x0000000796e00000)
  to   space 1024K, 0% used [0x0000000796c00000,0x0000000796c00000,0x0000000796d00000)
 ParOldGen       total 87552K, used 75474K [0x0000000740000000, 0x0000000745580000, 0x0000000795580000)
  object space 87552K, 86% used [0x0000000740000000,0x00000007449b4b18,0x0000000745580000)
 Metaspace       used 20300K, capacity 20529K, committed 20736K, reserved 1069056K
  class space    used 1935K, capacity 2015K, committed 2048K, reserved 1048576K
Event: 3911.054 GC heap after
Heap after GC invocations=1825 (full 0):
 PSYoungGen      total 24064K, used 96K [0x0000000795580000, 0x0000000796e00000, 0x00000007c0000000)
  eden space 23040K, 0% used [0x0000000795580000,0x0000000795580000,0x0000000796c00000)
  from space 1024K, 9% used [0x0000000796c00000,0x0000000796c18000,0x0000000796d00000)
  to   space 1024K, 0% used [0x0000000796d00000,0x0000000796d00000,0x0000000796e00000)
 ParOldGen       total 87552K, used 75490K [0x0000000740000000, 0x0000000745580000, 0x0000000795580000)
  object space 87552K, 86% used [0x0000000740000000,0x00000007449b8b18,0x0000000745580000)
 Metaspace       used 20300K, capacity 20529K, committed 20736K, reserved 1069056K
  class space    used 1935K, capacity 2015K, committed 2048K, reserved 1048576K
}
Event: 3913.263 GC heap before
{Heap before GC invocations=1826 (full 0):
 PSYoungGen      total 24064K, used 23136K [0x0000000795580000, 0x0000000796e00000, 0x00000007c0000000)
  eden space 23040K, 100% used [0x0000000795580000,0x0000000796c00000,0x0000000796c00000)
  from space 1024K, 9% used [0x0000000796c00000,0x0000000796c18000,0x0000000796d00000)
  to   space 1024K, 0% used [0x0000000796d00000,0x0000000796d00000,0x0000000796e00000)
 ParOldGen       total 87552K, used 75490K [0x0000000740000000, 0x0000000745580000, 0x0000000795580000)
  object space 87552K, 86% used [0x0000000740000000,0x00000007449b8b18,0x0000000745580000)
 Metaspace       used 20300K, capacity 20529K, committed 20736K, reserved 1069056K
  class space    used 1935K, capacity 2015K, committed 2048K, reserved 1048576K
Event: 3913.265 GC heap after
Heap after GC invocations=1826 (full 0):
 PSYoungGen      total 24064K, used 128K [0x0000000795580000, 0x0000000796e00000, 0x00000007c0000000)
  eden space 23040K, 0% used [0x0000000795580000,0x0000000795580000,0x0000000796c00000)
  from space 1024K, 12% used [0x0000000796d00000,0x0000000796d20000,0x0000000796e00000)
  to   space 1024K, 0% used [0x0000000796c00000,0x0000000796c00000,0x0000000796d00000)
 ParOldGen       total 87552K, used 75506K [0x0000000740000000, 0x0000000745580000, 0x0000000795580000)
  object space 87552K, 86% used [0x0000000740000000,0x00000007449bcb18,0x0000000745580000)
 Metaspace       used 20300K, capacity 20529K, committed 20736K, reserved 1069056K
  class space    used 1935K, capacity 2015K, committed 2048K, reserved 1048576K
}

