# JRE version: Java(TM) SE Runtime Environment (8.0_101-b13) (build 1.8.0_101-b13)
# Java VM: Java HotSpot(TM) 64-Bit Server VM (25.101-b13 mixed mode bsd-amd64 compressed oops)
Heap:
 PSYoungGen      total 137216K, used 65240K [0x0000000795580000, 0x00000007a7280000, 0x00000007c0000000)
  eden space 128000K, 43% used [0x0000000795580000,0x0000000798c78038,0x000000079d280000)
  from space 9216K, 97% used [0x00000007a6980000,0x00000007a723dff8,0x00000007a7280000)
  to   space 15872K, 0% used [0x00000007a5380000,0x00000007a5380000,0x00000007a6300000)
 ParOldGen       total 87552K, used 23161K [0x0000000740000000, 0x0000000745580000, 0x0000000795580000)
  object space 87552K, 26% used [0x0000000740000000,0x000000074169e4a0,0x0000000745580000)
 Metaspace       used 19737K, capacity 19943K, committed 20224K, reserved 1067008K
  class space    used 1920K, capacity 2014K, committed 2048K, reserved 1048576K
GC Heap History (10 events):
Event: 6.008 GC heap before
{Heap before GC invocations=4 (full 0):
 PSYoungGen      total 38400K, used 38374K [0x0000000795580000, 0x000000079a080000, 0x00000007c0000000)
  eden space 33280K, 100% used [0x0000000795580000,0x0000000797600000,0x0000000797600000)
  from space 5120K, 99% used [0x0000000797600000,0x0000000797af9b68,0x0000000797b00000)
  to   space 5120K, 0% used [0x0000000799b80000,0x0000000799b80000,0x000000079a080000)
 ParOldGen       total 87552K, used 7618K [0x0000000740000000, 0x0000000745580000, 0x0000000795580000)
  object space 87552K, 8% used [0x0000000740000000,0x0000000740770a50,0x0000000745580000)
 Metaspace       used 17526K, capacity 17719K, committed 18048K, reserved 1064960K
  class space    used 1775K, capacity 1852K, committed 1920K, reserved 1048576K
Event: 6.029 GC heap after
Heap after GC invocations=4 (full 0):
 PSYoungGen      total 71680K, used 5103K [0x0000000795580000, 0x000000079a080000, 0x00000007c0000000)
  eden space 66560K, 0% used [0x0000000795580000,0x0000000795580000,0x0000000799680000)
  from space 5120K, 99% used [0x0000000799b80000,0x000000079a07bd00,0x000000079a080000)
  to   space 5120K, 0% used [0x0000000799680000,0x0000000799680000,0x0000000799b80000)
 ParOldGen       total 87552K, used 9530K [0x0000000740000000, 0x0000000745580000, 0x0000000795580000)
  object space 87552K, 10% used [0x0000000740000000,0x000000074094ea50,0x0000000745580000)
 Metaspace       used 17526K, capacity 17719K, committed 18048K, reserved 1064960K
  class space    used 1775K, capacity 1852K, committed 1920K, reserved 1048576K
}
Event: 7.852 GC heap before
{Heap before GC invocations=5 (full 0):
 PSYoungGen      total 71680K, used 71663K [0x0000000795580000, 0x000000079a080000, 0x00000007c0000000)
  eden space 66560K, 100% used [0x0000000795580000,0x0000000799680000,0x0000000799680000)
  from space 5120K, 99% used [0x0000000799b80000,0x000000079a07bd00,0x000000079a080000)
  to   space 5120K, 0% used [0x0000000799680000,0x0000000799680000,0x0000000799b80000)
 ParOldGen       total 87552K, used 9530K [0x0000000740000000, 0x0000000745580000, 0x0000000795580000)
  object space 87552K, 10% used [0x0000000740000000,0x000000074094ea50,0x0000000745580000)
 Metaspace       used 18580K, capacity 18845K, committed 19200K, reserved 1067008K
  class space    used 1868K, capacity 1949K, committed 2048K, reserved 1048576K
Event: 7.872 GC heap after
Heap after GC invocations=5 (full 0):
 PSYoungGen      total 71680K, used 5111K [0x0000000795580000, 0x000000079f980000, 0x00000007c0000000)
  eden space 66560K, 0% used [0x0000000795580000,0x0000000795580000,0x0000000799680000)
  from space 5120K, 99% used [0x0000000799680000,0x0000000799b7dec8,0x0000000799b80000)
  to   space 17408K, 0% used [0x000000079e880000,0x000000079e880000,0x000000079f980000)
 ParOldGen       total 87552K, used 21101K [0x0000000740000000, 0x0000000745580000, 0x0000000795580000)
  object space 87552K, 24% used [0x0000000740000000,0x000000074149b750,0x0000000745580000)
 Metaspace       used 18580K, capacity 18845K, committed 19200K, reserved 1067008K
  class space    used 1868K, capacity 1949K, committed 2048K, reserved 1048576K
}
Event: 11.146 GC heap before
{Heap before GC invocations=6 (full 0):
 PSYoungGen      total 71680K, used 71671K [0x0000000795580000, 0x000000079f980000, 0x00000007c0000000)
  eden space 66560K, 100% used [0x0000000795580000,0x0000000799680000,0x0000000799680000)
  from space 5120K, 99% used [0x0000000799680000,0x0000000799b7dec8,0x0000000799b80000)
  to   space 17408K, 0% used [0x000000079e880000,0x000000079e880000,0x000000079f980000)
 ParOldGen       total 87552K, used 21101K [0x0000000740000000, 0x0000000745580000, 0x0000000795580000)
  object space 87552K, 24% used [0x0000000740000000,0x000000074149b750,0x0000000745580000)
 Metaspace       used 18788K, capacity 19037K, committed 19200K, reserved 1067008K
  class space    used 1872K, capacity 1949K, committed 2048K, reserved 1048576K
Event: 11.157 GC heap after
Heap after GC invocations=6 (full 0):
 PSYoungGen      total 150528K, used 11608K [0x0000000795580000, 0x000000079f980000, 0x00000007c0000000)
  eden space 133120K, 0% used [0x0000000795580000,0x0000000795580000,0x000000079d780000)
  from space 17408K, 66% used [0x000000079e880000,0x000000079f3d6178,0x000000079f980000)
  to   space 17408K, 0% used [0x000000079d780000,0x000000079d780000,0x000000079e880000)
 ParOldGen       total 87552K, used 21101K [0x0000000740000000, 0x0000000745580000, 0x0000000795580000)
  object space 87552K, 24% used [0x0000000740000000,0x000000074149b750,0x0000000745580000)
 Metaspace       used 18788K, capacity 19037K, committed 19200K, reserved 1067008K
  class space    used 1872K, capacity 1949K, committed 2048K, reserved 1048576K
}
Event: 22.202 GC heap before
{Heap before GC invocations=7 (full 0):
 PSYoungGen      total 150528K, used 144728K [0x0000000795580000, 0x000000079f980000, 0x00000007c0000000)
  eden space 133120K, 100% used [0x0000000795580000,0x000000079d780000,0x000000079d780000)
  from space 17408K, 66% used [0x000000079e880000,0x000000079f3d6178,0x000000079f980000)
  to   space 17408K, 0% used [0x000000079d780000,0x000000079d780000,0x000000079e880000)
 ParOldGen       total 87552K, used 21101K [0x0000000740000000, 0x0000000745580000, 0x0000000795580000)
  object space 87552K, 24% used [0x0000000740000000,0x000000074149b750,0x0000000745580000)
 Metaspace       used 19052K, capacity 19229K, committed 19456K, reserved 1067008K
  class space    used 1872K, capacity 1949K, committed 2048K, reserved 1048576K
Event: 22.217 GC heap after
Heap after GC invocations=7 (full 0):
 PSYoungGen      total 150528K, used 8535K [0x0000000795580000, 0x00000007a7980000, 0x00000007c0000000)
  eden space 133120K, 0% used [0x0000000795580000,0x0000000795580000,0x000000079d780000)
  from space 17408K, 49% used [0x000000079d780000,0x000000079dfd5ff8,0x000000079e880000)
  to   space 16384K, 0% used [0x00000007a6980000,0x00000007a6980000,0x00000007a7980000)
 ParOldGen       total 87552K, used 23097K [0x0000000740000000, 0x0000000745580000, 0x0000000795580000)
  object space 87552K, 26% used [0x0000000740000000,0x000000074168e4a0,0x0000000745580000)
 Metaspace       used 19052K, capacity 19229K, committed 19456K, reserved 1067008K
  class space    used 1872K, capacity 1949K, committed 2048K, reserved 1048576K
}
Event: 32.575 GC heap before
{Heap before GC invocations=8 (full 0):
 PSYoungGen      total 150528K, used 141655K [0x0000000795580000, 0x00000007a7980000, 0x00000007c0000000)
  eden space 133120K, 100% used [0x0000000795580000,0x000000079d780000,0x000000079d780000)
  from space 17408K, 49% used [0x000000079d780000,0x000000079dfd5ff8,0x000000079e880000)
  to   space 16384K, 0% used [0x00000007a6980000,0x00000007a6980000,0x00000007a7980000)
 ParOldGen       total 87552K, used 23097K [0x0000000740000000, 0x0000000745580000, 0x0000000795580000)
  object space 87552K, 26% used [0x0000000740000000,0x000000074168e4a0,0x0000000745580000)
 Metaspace       used 19638K, capacity 19879K, committed 19968K, reserved 1067008K
  class space    used 1912K, capacity 2014K, committed 2048K, reserved 1048576K
Event: 32.583 GC heap after
Heap after GC invocations=8 (full 0):
 PSYoungGen      total 137216K, used 8951K [0x0000000795580000, 0x00000007a7280000, 0x00000007c0000000)
  eden space 128000K, 0% used [0x0000000795580000,0x0000000795580000,0x000000079d280000)
  from space 9216K, 97% used [0x00000007a6980000,0x00000007a723dff8,0x00000007a7280000)
  to   space 15872K, 0% used [0x00000007a5380000,0x00000007a5380000,0x00000007a6300000)
 ParOldGen       total 87552K, used 23161K [0x0000000740000000, 0x0000000745580000, 0x0000000795580000)
  object space 87552K, 26% used [0x0000000740000000,0x000000074169e4a0,0x0000000745580000)
 Metaspace       used 19638K, capacity 19879K, committed 19968K, reserved 1067008K
  class space    used 1912K, capacity 2014K, committed 2048K, reserved 1048576K
}

