# JRE version: Java(TM) SE Runtime Environment (8.0_101-b13) (build 1.8.0_101-b13)
# Java VM: Java HotSpot(TM) 64-Bit Server VM (25.101-b13 mixed mode bsd-amd64 compressed oops)
Heap:
 PSYoungGen      total 24576K, used 19332K [0x0000000795580000, 0x0000000797300000, 0x00000007c0000000)
  eden space 24064K, 80% used [0x0000000795580000,0x0000000796851008,0x0000000796d00000)
  from space 512K, 12% used [0x0000000797280000,0x0000000797290000,0x0000000797300000)
  to   space 512K, 0% used [0x0000000797200000,0x0000000797200000,0x0000000797280000)
 ParOldGen       total 117760K, used 70461K [0x0000000740000000, 0x0000000747300000, 0x0000000795580000)
  object space 117760K, 59% used [0x0000000740000000,0x00000007444cf590,0x0000000747300000)
 Metaspace       used 20365K, capacity 20631K, committed 20736K, reserved 1069056K
  class space    used 1949K, capacity 2048K, committed 2048K, reserved 1048576K
GC Heap History (10 events):
Event: 7810.974 GC heap before
{Heap before GC invocations=3701 (full 1):
 PSYoungGen      total 24576K, used 24128K [0x0000000795580000, 0x0000000797300000, 0x00000007c0000000)
  eden space 24064K, 100% used [0x0000000795580000,0x0000000796d00000,0x0000000796d00000)
  from space 512K, 12% used [0x0000000797200000,0x0000000797210000,0x0000000797280000)
  to   space 512K, 0% used [0x0000000797280000,0x0000000797280000,0x0000000797300000)
 ParOldGen       total 117760K, used 70461K [0x0000000740000000, 0x0000000747300000, 0x0000000795580000)
  object space 117760K, 59% used [0x0000000740000000,0x00000007444cf590,0x0000000747300000)
 Metaspace       used 20338K, capacity 20567K, committed 20736K, reserved 1069056K
  class space    used 1943K, capacity 2048K, committed 2048K, reserved 1048576K
Event: 7810.976 GC heap after
Heap after GC invocations=3701 (full 1):
 PSYoungGen      total 24576K, used 64K [0x0000000795580000, 0x0000000797300000, 0x00000007c0000000)
  eden space 24064K, 0% used [0x0000000795580000,0x0000000795580000,0x0000000796d00000)
  from space 512K, 12% used [0x0000000797280000,0x0000000797290000,0x0000000797300000)
  to   space 512K, 0% used [0x0000000797200000,0x0000000797200000,0x0000000797280000)
 ParOldGen       total 117760K, used 70461K [0x0000000740000000, 0x0000000747300000, 0x0000000795580000)
  object space 117760K, 59% used [0x0000000740000000,0x00000007444cf590,0x0000000747300000)
 Metaspace       used 20338K, capacity 20567K, committed 20736K, reserved 1069056K
  class space    used 1943K, capacity 2048K, committed 2048K, reserved 1048576K
}
Event: 7813.598 GC heap before
{Heap before GC invocations=3702 (full 1):
 PSYoungGen      total 24576K, used 24128K [0x0000000795580000, 0x0000000797300000, 0x00000007c0000000)
  eden space 24064K, 100% used [0x0000000795580000,0x0000000796d00000,0x0000000796d00000)
  from space 512K, 12% used [0x0000000797280000,0x0000000797290000,0x0000000797300000)
  to   space 512K, 0% used [0x0000000797200000,0x0000000797200000,0x0000000797280000)
 ParOldGen       total 117760K, used 70461K [0x0000000740000000, 0x0000000747300000, 0x0000000795580000)
  object space 117760K, 59% used [0x0000000740000000,0x00000007444cf590,0x0000000747300000)
 Metaspace       used 20338K, capacity 20567K, committed 20736K, reserved 1069056K
  class space    used 1943K, capacity 2048K, committed 2048K, reserved 1048576K
Event: 7813.599 GC heap after
Heap after GC invocations=3702 (full 1):
 PSYoungGen      total 24576K, used 64K [0x0000000795580000, 0x0000000797300000, 0x00000007c0000000)
  eden space 24064K, 0% used [0x0000000795580000,0x0000000795580000,0x0000000796d00000)
  from space 512K, 12% used [0x0000000797200000,0x0000000797210000,0x0000000797280000)
  to   space 512K, 0% used [0x0000000797280000,0x0000000797280000,0x0000000797300000)
 ParOldGen       total 117760K, used 70461K [0x0000000740000000, 0x0000000747300000, 0x0000000795580000)
  object space 117760K, 59% used [0x0000000740000000,0x00000007444cf590,0x0000000747300000)
 Metaspace       used 20338K, capacity 20567K, committed 20736K, reserved 1069056K
  class space    used 1943K, capacity 2048K, committed 2048K, reserved 1048576K
}
Event: 7815.683 GC heap before
{Heap before GC invocations=3703 (full 1):
 PSYoungGen      total 24576K, used 24128K [0x0000000795580000, 0x0000000797300000, 0x00000007c0000000)
  eden space 24064K, 100% used [0x0000000795580000,0x0000000796d00000,0x0000000796d00000)
  from space 512K, 12% used [0x0000000797200000,0x0000000797210000,0x0000000797280000)
  to   space 512K, 0% used [0x0000000797280000,0x0000000797280000,0x0000000797300000)
 ParOldGen       total 117760K, used 70461K [0x0000000740000000, 0x0000000747300000, 0x0000000795580000)
  object space 117760K, 59% used [0x0000000740000000,0x00000007444cf590,0x0000000747300000)
 Metaspace       used 20338K, capacity 20567K, committed 20736K, reserved 1069056K
  class space    used 1943K, capacity 2048K, committed 2048K, reserved 1048576K
Event: 7815.684 GC heap after
Heap after GC invocations=3703 (full 1):
 PSYoungGen      total 24576K, used 96K [0x0000000795580000, 0x0000000797300000, 0x00000007c0000000)
  eden space 24064K, 0% used [0x0000000795580000,0x0000000795580000,0x0000000796d00000)
  from space 512K, 18% used [0x0000000797280000,0x0000000797298000,0x0000000797300000)
  to   space 512K, 0% used [0x0000000797200000,0x0000000797200000,0x0000000797280000)
 ParOldGen       total 117760K, used 70461K [0x0000000740000000, 0x0000000747300000, 0x0000000795580000)
  object space 117760K, 59% used [0x0000000740000000,0x00000007444cf590,0x0000000747300000)
 Metaspace       used 20338K, capacity 20567K, committed 20736K, reserved 1069056K
  class space    used 1943K, capacity 2048K, committed 2048K, reserved 1048576K
}
Event: 7817.785 GC heap before
{Heap before GC invocations=3704 (full 1):
 PSYoungGen      total 24576K, used 24160K [0x0000000795580000, 0x0000000797300000, 0x00000007c0000000)
  eden space 24064K, 100% used [0x0000000795580000,0x0000000796d00000,0x0000000796d00000)
  from space 512K, 18% used [0x0000000797280000,0x0000000797298000,0x0000000797300000)
  to   space 512K, 0% used [0x0000000797200000,0x0000000797200000,0x0000000797280000)
 ParOldGen       total 117760K, used 70461K [0x0000000740000000, 0x0000000747300000, 0x0000000795580000)
  object space 117760K, 59% used [0x0000000740000000,0x00000007444cf590,0x0000000747300000)
 Metaspace       used 20338K, capacity 20567K, committed 20736K, reserved 1069056K
  class space    used 1943K, capacity 2048K, committed 2048K, reserved 1048576K
Event: 7817.787 GC heap after
Heap after GC invocations=3704 (full 1):
 PSYoungGen      total 24576K, used 64K [0x0000000795580000, 0x0000000797300000, 0x00000007c0000000)
  eden space 24064K, 0% used [0x0000000795580000,0x0000000795580000,0x0000000796d00000)
  from space 512K, 12% used [0x0000000797200000,0x0000000797210000,0x0000000797280000)
  to   space 512K, 0% used [0x0000000797280000,0x0000000797280000,0x0000000797300000)
 ParOldGen       total 117760K, used 70461K [0x0000000740000000, 0x0000000747300000, 0x0000000795580000)
  object space 117760K, 59% used [0x0000000740000000,0x00000007444cf590,0x0000000747300000)
 Metaspace       used 20338K, capacity 20567K, committed 20736K, reserved 1069056K
  class space    used 1943K, capacity 2048K, committed 2048K, reserved 1048576K
}
Event: 7819.895 GC heap before
{Heap before GC invocations=3705 (full 1):
 PSYoungGen      total 24576K, used 24128K [0x0000000795580000, 0x0000000797300000, 0x00000007c0000000)
  eden space 24064K, 100% used [0x0000000795580000,0x0000000796d00000,0x0000000796d00000)
  from space 512K, 12% used [0x0000000797200000,0x0000000797210000,0x0000000797280000)
  to   space 512K, 0% used [0x0000000797280000,0x0000000797280000,0x0000000797300000)
 ParOldGen       total 117760K, used 70461K [0x0000000740000000, 0x0000000747300000, 0x0000000795580000)
  object space 117760K, 59% used [0x0000000740000000,0x00000007444cf590,0x0000000747300000)
 Metaspace       used 20338K, capacity 20567K, committed 20736K, reserved 1069056K
  class space    used 1943K, capacity 2048K, committed 2048K, reserved 1048576K
Event: 7819.896 GC heap after
Heap after GC invocations=3705 (full 1):
 PSYoungGen      total 24576K, used 64K [0x0000000795580000, 0x0000000797300000, 0x00000007c0000000)
  eden space 24064K, 0% used [0x0000000795580000,0x0000000795580000,0x0000000796d00000)
  from space 512K, 12% used [0x0000000797280000,0x0000000797290000,0x0000000797300000)
  to   space 512K, 0% used [0x0000000797200000,0x0000000797200000,0x0000000797280000)
 ParOldGen       total 117760K, used 70461K [0x0000000740000000, 0x0000000747300000, 0x0000000795580000)
  object space 117760K, 59% used [0x0000000740000000,0x00000007444cf590,0x0000000747300000)
 Metaspace       used 20338K, capacity 20567K, committed 20736K, reserved 1069056K
  class space    used 1943K, capacity 2048K, committed 2048K, reserved 1048576K
}

